  AdaBoost.cpp
c:\users\preginia\documents\inzynierka\inzynierka\adaboost.cpp(31): warning C4244: 'initializing': conversion from 'double' to 'int', possible loss of data
c:\users\preginia\documents\inzynierka\inzynierka\adaboost.cpp(57): warning C4244: 'initializing': conversion from 'double' to 'int', possible loss of data
c:\users\preginia\documents\inzynierka\inzynierka\adaboost.cpp(106): warning C4244: 'initializing': conversion from 'double' to 'int', possible loss of data
c:\users\preginia\documents\inzynierka\inzynierka\adaboost.cpp(132): warning C4244: 'initializing': conversion from 'double' to 'int', possible loss of data
c:\users\preginia\documents\inzynierka\inzynierka\adaboost.cpp(184): warning C4244: 'initializing': conversion from 'double' to 'int', possible loss of data
c:\users\preginia\documents\inzynierka\inzynierka\adaboost.cpp(210): warning C4244: 'initializing': conversion from 'double' to 'int', possible loss of data
  AdaBoostOneVsAll.cpp
  Checking.cpp
  Classifier.cpp
  DecisionStump.cpp
c:\users\preginia\documents\inzynierka\inzynierka\decisionstump.cpp(62): warning C4267: 'initializing': conversion from 'size_t' to 'int', possible loss of data
  Inzynierka.cpp
  MultiVariantePerceptron.cpp
c:\users\preginia\documents\inzynierka\inzynierka\multivarianteperceptron.cpp(11): warning C4244: 'argument': conversion from 'time_t' to 'unsigned int', possible loss of data
c:\users\preginia\documents\inzynierka\inzynierka\multivarianteperceptron.cpp(12): warning C4267: 'initializing': conversion from 'size_t' to 'int', possible loss of data
c:\users\preginia\documents\inzynierka\inzynierka\multivarianteperceptron.cpp(42): warning C4267: '=': conversion from 'size_t' to 'int', possible loss of data
  OneVsAll.cpp
  Perceptron.cpp
  Generating Code...
  Inzynierka.vcxproj -> C:\Users\preginia\Documents\Inzynierka\x64\Debug\Inzynierka.exe
