<<<<<<< HEAD
﻿  Perceptron.cpp
c:\users\przemek\main()\studia\inzynierka\inzynierka\inzynierka\perceptron.cpp(20): warning C4018: '<': signed/unsigned mismatch
c:\users\przemek\main()\studia\inzynierka\inzynierka\inzynierka\perceptron.cpp(40): warning C4244: 'argument': conversion from 'time_t' to 'unsigned int', possible loss of data
c:\users\przemek\main()\studia\inzynierka\inzynierka\inzynierka\perceptron.cpp(55): warning C4018: '<': signed/unsigned mismatch
c:\users\przemek\main()\studia\inzynierka\inzynierka\inzynierka\perceptron.cpp(89): warning C4018: '<': signed/unsigned mismatch
c:\users\przemek\main()\studia\inzynierka\inzynierka\inzynierka\perceptron.cpp(103): warning C4018: '<': signed/unsigned mismatch
c:\users\przemek\main()\studia\inzynierka\inzynierka\inzynierka\perceptron.cpp(157): warning C4018: '<': signed/unsigned mismatch
c:\users\przemek\main()\studia\inzynierka\inzynierka\inzynierka\perceptron.cpp(223): warning C4018: '<': signed/unsigned mismatch
c:\users\przemek\main()\studia\inzynierka\inzynierka\inzynierka\perceptron.cpp(240): warning C4018: '<': signed/unsigned mismatch
  OneVsAll.cpp
  Inzynierka.cpp
  Checking.cpp
  Generating Code...
  Skipping... (no relevant changes detected)
  AdaBoostOneVsAll.cpp
  AdaBoost.cpp
  Inzynierka.vcxproj -> C:\Users\Przemek\Main()\Studia\Inzynierka\Inzynierka\Debug\Inzynierka.exe
=======
﻿  AdaBoost.cpp
c:\users\preginia\documents\inzynierka\pracainzynierkska\inzynierka\adaboost.cpp(8): warning C4018: '<': signed/unsigned mismatch
c:\users\preginia\documents\inzynierka\pracainzynierkska\inzynierka\adaboost.cpp(24): warning C4018: '<': signed/unsigned mismatch
c:\users\preginia\documents\inzynierka\pracainzynierkska\inzynierka\adaboost.cpp(45): warning C4018: '<': signed/unsigned mismatch
c:\users\preginia\documents\inzynierka\pracainzynierkska\inzynierka\adaboost.cpp(58): warning C4018: '<': signed/unsigned mismatch
c:\users\preginia\documents\inzynierka\pracainzynierkska\inzynierka\adaboost.cpp(78): warning C4018: '<': signed/unsigned mismatch
c:\users\preginia\documents\inzynierka\pracainzynierkska\inzynierka\adaboost.cpp(100): warning C4018: '<': signed/unsigned mismatch
c:\users\preginia\documents\inzynierka\pracainzynierkska\inzynierka\adaboost.cpp(115): warning C4018: '<': signed/unsigned mismatch
  Inzynierka.vcxproj -> C:\Users\preginia\Documents\Inzynierka\PracaInzynierkska\Debug\Inzynierka.exe
>>>>>>> b1046dd595a33f15bf5b266b6fff6f6d22924716
