c:\users\przemek\main()\studia\inzynierka\inzynierka\inzynierka\debug\inzynierka.pch
c:\users\przemek\main()\studia\inzynierka\inzynierka\inzynierka\debug\vc141.pdb
c:\users\przemek\main()\studia\inzynierka\inzynierka\inzynierka\debug\vc141.idb
c:\users\przemek\main()\studia\inzynierka\inzynierka\inzynierka\debug\stdafx.obj
c:\users\przemek\main()\studia\inzynierka\inzynierka\inzynierka\debug\checking.obj
c:\users\przemek\main()\studia\inzynierka\inzynierka\inzynierka\debug\decisionstump.obj
c:\users\przemek\main()\studia\inzynierka\inzynierka\inzynierka\debug\inzynierka.obj
c:\users\przemek\main()\studia\inzynierka\inzynierka\inzynierka\debug\localization.obj
c:\users\przemek\main()\studia\inzynierka\inzynierka\inzynierka\debug\onevsall.obj
c:\users\przemek\main()\studia\inzynierka\inzynierka\inzynierka\debug\patient.obj
c:\users\przemek\main()\studia\inzynierka\inzynierka\inzynierka\debug\perceptron.obj
c:\users\przemek\main()\studia\inzynierka\inzynierka\inzynierka\debug\datasfromfile.obj
c:\users\przemek\main()\studia\inzynierka\inzynierka\debug\inzynierka.pdb
c:\users\przemek\main()\studia\inzynierka\inzynierka\inzynierka\debug\inzynierka.tlog\cl.command.1.tlog
c:\users\przemek\main()\studia\inzynierka\inzynierka\inzynierka\debug\inzynierka.tlog\cl.read.1.tlog
c:\users\przemek\main()\studia\inzynierka\inzynierka\inzynierka\debug\inzynierka.tlog\cl.write.1.tlog
c:\users\przemek\main()\studia\inzynierka\inzynierka\inzynierka\debug\inzynierka.tlog\link.23840-cvtres.read.1.tlog
c:\users\przemek\main()\studia\inzynierka\inzynierka\inzynierka\debug\inzynierka.tlog\link.23840-cvtres.write.1.tlog
c:\users\przemek\main()\studia\inzynierka\inzynierka\inzynierka\debug\inzynierka.tlog\link.23840-rc.read.1.tlog
c:\users\przemek\main()\studia\inzynierka\inzynierka\inzynierka\debug\inzynierka.tlog\link.23840-rc.write.1.tlog
c:\users\przemek\main()\studia\inzynierka\inzynierka\inzynierka\debug\inzynierka.tlog\link.23840.read.1.tlog
c:\users\przemek\main()\studia\inzynierka\inzynierka\inzynierka\debug\inzynierka.tlog\link.23840.write.1.tlog
c:\users\przemek\main()\studia\inzynierka\inzynierka\inzynierka\debug\inzynierka.tlog\link.command.1.tlog
c:\users\przemek\main()\studia\inzynierka\inzynierka\inzynierka\debug\inzynierka.tlog\link.read.1.tlog
c:\users\przemek\main()\studia\inzynierka\inzynierka\inzynierka\debug\inzynierka.tlog\link.write.1.tlog
