c:\users\przemek\main()\studia\inzynierka\inzynierka\inzynierka\release\inzynierka.pch
c:\users\przemek\main()\studia\inzynierka\inzynierka\inzynierka\release\vc141.pdb
c:\users\przemek\main()\studia\inzynierka\inzynierka\inzynierka\release\stdafx.obj
c:\users\przemek\main()\studia\inzynierka\inzynierka\inzynierka\release\perceptron.obj
c:\users\przemek\main()\studia\inzynierka\inzynierka\inzynierka\release\patient.obj
c:\users\przemek\main()\studia\inzynierka\inzynierka\inzynierka\release\onevsall.obj
c:\users\przemek\main()\studia\inzynierka\inzynierka\inzynierka\release\localization.obj
c:\users\przemek\main()\studia\inzynierka\inzynierka\inzynierka\release\inzynierka.obj
c:\users\przemek\main()\studia\inzynierka\inzynierka\inzynierka\release\decisionstump.obj
c:\users\przemek\main()\studia\inzynierka\inzynierka\inzynierka\release\datasfromfile.obj
c:\users\przemek\main()\studia\inzynierka\inzynierka\inzynierka\release\checking.obj
c:\users\przemek\main()\studia\inzynierka\inzynierka\inzynierka\release\adaboost.obj
c:\users\przemek\main()\studia\inzynierka\inzynierka\release\inzynierka.ipdb
c:\users\przemek\main()\studia\inzynierka\inzynierka\release\inzynierka.iobj
c:\users\przemek\main()\studia\inzynierka\inzynierka\release\inzynierka.exe
c:\users\przemek\main()\studia\inzynierka\inzynierka\release\inzynierka.pdb
c:\users\przemek\main()\studia\inzynierka\inzynierka\inzynierka\release\inzynierka.tlog\cl.command.1.tlog
c:\users\przemek\main()\studia\inzynierka\inzynierka\inzynierka\release\inzynierka.tlog\cl.read.1.tlog
c:\users\przemek\main()\studia\inzynierka\inzynierka\inzynierka\release\inzynierka.tlog\cl.write.1.tlog
c:\users\przemek\main()\studia\inzynierka\inzynierka\inzynierka\release\inzynierka.tlog\inzynierka.write.1u.tlog
c:\users\przemek\main()\studia\inzynierka\inzynierka\inzynierka\release\inzynierka.tlog\link.command.1.tlog
c:\users\przemek\main()\studia\inzynierka\inzynierka\inzynierka\release\inzynierka.tlog\link.read.1.tlog
c:\users\przemek\main()\studia\inzynierka\inzynierka\inzynierka\release\inzynierka.tlog\link.write.1.tlog
